<?xml version="1.0" encoding="UTF-8"?>
<!-- Generated by org.testng.reporters.JUnitReportReporter -->
<testsuite hostname="DESKTOP-VABLH7K" failures="0" tests="1" name="com.Framework.Propertiesfile" time="27.097" errors="0" timestamp="2023-06-15T17:22:38 IST" skipped="0">
  <testcase classname="com.Framework.Propertiesfile" name="propertyfile" time="27.097"/>
  <system-out/>
</testsuite> <!-- com.Framework.Propertiesfile -->
