<?xml version="1.0" encoding="UTF-8"?>
<!-- Generated by org.testng.reporters.JUnitReportReporter -->
<testsuite hostname="DESKTOP-VABLH7K" failures="0" tests="2" name="com.Framework.Sample" time="0.015" errors="0" timestamp="2023-06-15T16:38:08 IST" skipped="0">
  <testcase classname="com.Framework.Sample" name="modify" time="0.002"/>
  <system-out/>
  <testcase classname="com.Framework.Sample" name="contact" time="0.013"/>
  <system-out/>
</testsuite> <!-- com.Framework.Sample -->
